<?xml version="1.0" encoding="UTF-8"?>
<!-- Generated by org.testng.reporters.JUnitReportReporter -->
<testsuite skipped="0" hostname="LAPTOP-PHANISON" name="com.phani.aut.base.Testing" tests="1" failures="0" timestamp="24 Oct 2020 19:10:35 GMT" time="0.036" errors="0">
  <testcase name="test1" time="0.036" classname="com.phani.aut.base.Testing"/>
</testsuite> <!-- com.phani.aut.base.Testing -->
